<?xml version="1.0" encoding="UTF-8"?>
<testsuite name="com.antiads.core.config.ConfigValidatorTest" tests="9" skipped="0" failures="0" errors="0" timestamp="2026-09-20T09:18:30" hostname="qa-windows-host" time="0.042">
  <properties/>
  <testcase name="unsupportedSchemaVersionRejected" classname="com.antiads.core.config.ConfigValidatorTest" time="0.0"/>
  <testcase name="errorCodesDoNotLeakInput" classname="com.antiads.core.config.ConfigValidatorTest" time="0.001"/>
  <testcase name="revisionBoundaries" classname="com.antiads.core.config.ConfigValidatorTest" time="0.0"/>
  <testcase name="ruleIdsOnlyBuiltinOrEmpty" classname="com.antiads.core.config.ConfigValidatorTest" time="0.0"/>
  <testcase name="sensorTypesOnlyAllowedSubset" classname="com.antiads.core.config.ConfigValidatorTest" time="0.002"/>
  <testcase name="defaultConfigIsValidAndAllOff" classname="com.antiads.core.config.ConfigValidatorTest" time="0.001"/>
  <testcase name="packageCountLimitIs500" classname="com.antiads.core.config.ConfigValidatorTest" time="0.036"/>
  <testcase name="hostAndSystemUiKeysRejected" classname="com.antiads.core.config.ConfigValidatorTest" time="0.0"/>
  <testcase name="packageNameSyntax" classname="com.antiads.core.config.ConfigValidatorTest" time="0.001"/>
  <system-out><![CDATA[]]></system-out>
  <system-err><![CDATA[]]></system-err>
</testsuite>
