<?xml version="1.0" encoding="UTF-8"?>
<testsuite name="com.antiads.hook.internal.policy.HookPolicyLeaseTest" tests="7" skipped="0" failures="0" errors="0" timestamp="2026-09-21T02:35:09" hostname="DESKTOP-26RJE8H" time="0.066">
  <properties/>
  <testcase name="lateReplyIsDiscardedAndDoesNotExtendExistingLease" classname="com.antiads.hook.internal.policy.HookPolicyLeaseTest" time="0.006"/>
  <testcase name="providerUnreachableClearsCacheAndNeverBlocksSensors" classname="com.antiads.hook.internal.policy.HookPolicyLeaseTest" time="0.006"/>
  <testcase name="clockRewindNeverDropsAndIsReportedAsInvalid" classname="com.antiads.hook.internal.policy.HookPolicyLeaseTest" time="0.01"/>
  <testcase name="publishesLeaseFromRequestStartAndRespectsExpiryBoundary" classname="com.antiads.hook.internal.policy.HookPolicyLeaseTest" time="0.014"/>
  <testcase name="decisionsIgnoreWallClockChangesAndKeepDroppingWhileLeaseValid" classname="com.antiads.hook.internal.policy.HookPolicyLeaseTest" time="0.003"/>
  <testcase name="lateReplyWithoutExistingCacheAllowsImmediately" classname="com.antiads.hook.internal.policy.HookPolicyLeaseTest" time="0.008"/>
  <testcase name="rejectedReadClearsCacheImmediatelyAndKeepsFailingOpen" classname="com.antiads.hook.internal.policy.HookPolicyLeaseTest" time="0.015"/>
  <system-out><![CDATA[]]></system-out>
  <system-err><![CDATA[]]></system-err>
</testsuite>
