<?xml version="1.0" encoding="UTF-8"?>
<testsuite name="com.antiads.hook.internal.policy.HookReportSchedulingTest" tests="3" skipped="0" failures="0" errors="0" timestamp="2026-09-21T02:35:10" hostname="DESKTOP-26RJE8H" time="0.301">
  <properties/>
  <testcase name="reportFailureIsIsolatedAndStillThrottled" classname="com.antiads.hook.internal.policy.HookReportSchedulingTest" time="0.024"/>
  <testcase name="unsupportedInstallStateIsReportedVerbatim" classname="com.antiads.hook.internal.policy.HookReportSchedulingTest" time="0.005"/>
  <testcase name="reportsAreMergedToOnePerFiveSecondsAndStayValid" classname="com.antiads.hook.internal.policy.HookReportSchedulingTest" time="0.271"/>
  <system-out><![CDATA[]]></system-out>
  <system-err><![CDATA[]]></system-err>
</testsuite>
