<?xml version="1.0" encoding="UTF-8"?>
<testsuite name="com.antiads.hook.internal.policy.PolicyJsonTest" tests="7" skipped="0" failures="0" errors="0" timestamp="2026-09-21T02:35:10" hostname="DESKTOP-26RJE8H" time="0.043">
  <properties/>
  <testcase name="acceptsDisabledPolicyWithEmptyTypeSet" classname="com.antiads.hook.internal.policy.PolicyJsonTest" time="0.006"/>
  <testcase name="rejectsMissingOrUnknownSchemaVersion" classname="com.antiads.hook.internal.policy.PolicyJsonTest" time="0.001"/>
  <testcase name="rejectsBrokenJsonAndWrongTypes" classname="com.antiads.hook.internal.policy.PolicyJsonTest" time="0.018"/>
  <testcase name="rejectsPackageMismatch" classname="com.antiads.hook.internal.policy.PolicyJsonTest" time="0.002"/>
  <testcase name="rejectsSensorTypeOutsideAllowedSet" classname="com.antiads.hook.internal.policy.PolicyJsonTest" time="0.004"/>
  <testcase name="acceptsValidPolicyAndIgnoresUnknownFields" classname="com.antiads.hook.internal.policy.PolicyJsonTest" time="0.002"/>
  <testcase name="rejectsPayloadLargerThanProtocolLimit" classname="com.antiads.hook.internal.policy.PolicyJsonTest" time="0.009"/>
  <system-out><![CDATA[]]></system-out>
  <system-err><![CDATA[]]></system-err>
</testsuite>
