<?xml version="1.0" encoding="UTF-8"?>
<testsuite name="com.antiads.hook.internal.HookSkipRulesTest" tests="2" skipped="0" failures="0" errors="0" timestamp="2026-09-21T02:35:06" hostname="DESKTOP-26RJE8H" time="0.357">
  <properties/>
  <testcase name="skipsHostSystemUiAndSystemServer" classname="com.antiads.hook.internal.HookSkipRulesTest" time="0.356"/>
  <testcase name="installsForOrdinaryTargets" classname="com.antiads.hook.internal.HookSkipRulesTest" time="0.001"/>
  <system-out><![CDATA[]]></system-out>
  <system-err><![CDATA[]]></system-err>
</testsuite>
