<?xml version='1.0' encoding='utf-8'?>
<testsuite name="com.antiads.accessibility.ServiceDeclarationTest" tests="3" skipped="0" failures="0" errors="0" timestamp="2026-09-20T11:07:57" hostname="qa-windows-host" time="0.065">
  <properties />
  <testcase name="serviceConfigDeclaresContractAttributes" classname="com.antiads.accessibility.ServiceDeclarationTest" time="0.048" />
  <testcase name="manifestDeclaresSystemBoundServiceOnly" classname="com.antiads.accessibility.ServiceDeclarationTest" time="0.002" />
  <testcase name="serviceClassIsAnAccessibilityService" classname="com.antiads.accessibility.ServiceDeclarationTest" time="0.015" />
  <system-out />
  <system-err />
</testsuite>