<?xml version='1.0' encoding='utf-8'?>
<testsuite name="com.antiads.accessibility.AccessibilityDependenciesTest" tests="5" skipped="0" failures="0" errors="0" timestamp="2026-09-20T11:07:56" hostname="qa-windows-host" time="0.142">
  <properties />
  <testcase name="installExposesRepositoryWithoutClaimingConnection" classname="com.antiads.accessibility.AccessibilityDependenciesTest" time="0.131" />
  <testcase name="detachStopsFurtherNotifications" classname="com.antiads.accessibility.AccessibilityDependenciesTest" time="0.006" />
  <testcase name="closingAttachmentStopsNotifications" classname="com.antiads.accessibility.AccessibilityDependenciesTest" time="0.001" />
  <testcase name="installAfterAttachNotifiesAttachedService" classname="com.antiads.accessibility.AccessibilityDependenciesTest" time="0.001" />
  <testcase name="attachAfterInstallReceivesRepositoryImmediately" classname="com.antiads.accessibility.AccessibilityDependenciesTest" time="0.001" />
  <system-out />
  <system-err />
</testsuite>