<?xml version='1.0' encoding='utf-8'?>
<testsuite name="com.antiads.core.policy.SensorPolicyEngineTest" tests="9" skipped="0" failures="0" errors="0" timestamp="2026-09-20T11:07:44" hostname="qa-windows-host" time="0.005">
  <properties />
  <testcase name="contractScenario5999DropsAnd6000Allows" classname="com.antiads.core.policy.SensorPolicyEngineTest" time="0.003" />
  <testcase name="negativeAndRollbackTimestampsAllow" classname="com.antiads.core.policy.SensorPolicyEngineTest" time="0.0" />
  <testcase name="emptyTypeSetNeverDrops" classname="com.antiads.core.policy.SensorPolicyEngineTest" time="0.001" />
  <testcase name="unknownSchemaAllows" classname="com.antiads.core.policy.SensorPolicyEngineTest" time="0.001" />
  <testcase name="noSnapshotAllows" classname="com.antiads.core.policy.SensorPolicyEngineTest" time="0.0" />
  <testcase name="packageMismatchAllows" classname="com.antiads.core.policy.SensorPolicyEngineTest" time="0.0" />
  <testcase name="notSelectedTypeAndDisabledPolicyAllow" classname="com.antiads.core.policy.SensorPolicyEngineTest" time="0.0" />
  <testcase name="leaseLengthBoundaries" classname="com.antiads.core.policy.SensorPolicyEngineTest" time="0.0" />
  <testcase name="validSnapshotDropsSelectedType" classname="com.antiads.core.policy.SensorPolicyEngineTest" time="0.0" />
  <system-out />
  <system-err />
</testsuite>