<?xml version='1.0' encoding='utf-8'?>
<testsuite name="com.antiads.core.config.ConfigValidatorTest" tests="9" skipped="0" failures="0" errors="0" timestamp="2026-09-20T11:07:44" hostname="qa-windows-host" time="0.065">
  <properties />
  <testcase name="unsupportedSchemaVersionRejected" classname="com.antiads.core.config.ConfigValidatorTest" time="0.0" />
  <testcase name="errorCodesDoNotLeakInput" classname="com.antiads.core.config.ConfigValidatorTest" time="0.002" />
  <testcase name="revisionBoundaries" classname="com.antiads.core.config.ConfigValidatorTest" time="0.0" />
  <testcase name="ruleIdsOnlyBuiltinOrEmpty" classname="com.antiads.core.config.ConfigValidatorTest" time="0.001" />
  <testcase name="sensorTypesOnlyAllowedSubset" classname="com.antiads.core.config.ConfigValidatorTest" time="0.002" />
  <testcase name="defaultConfigIsValidAndAllOff" classname="com.antiads.core.config.ConfigValidatorTest" time="0.0" />
  <testcase name="packageCountLimitIs500" classname="com.antiads.core.config.ConfigValidatorTest" time="0.052" />
  <testcase name="hostAndSystemUiKeysRejected" classname="com.antiads.core.config.ConfigValidatorTest" time="0.0" />
  <testcase name="packageNameSyntax" classname="com.antiads.core.config.ConfigValidatorTest" time="0.0" />
  <system-out />
  <system-err />
</testsuite>