<?xml version='1.0' encoding='utf-8'?>
<testsuite name="com.antiads.core.rules.ConservativeAdRuleEngineTest" tests="26" skipped="0" failures="0" errors="0" timestamp="2026-09-20T11:07:44" hostname="qa-windows-host" time="0.08">
  <properties />
  <testcase name="englishMatchingIsCaseInsensitiveAndChineseContextAccepted" classname="com.antiads.core.rules.ConservativeAdRuleEngineTest" time="0.067" />
  <testcase name="extremeBoundsDoNotOverflow" classname="com.antiads.core.rules.ConservativeAdRuleEngineTest" time="0.001" />
  <testcase name="unconfiguredPackageIsUntouched" classname="com.antiads.core.rules.ConservativeAdRuleEngineTest" time="0.001" />
  <testcase name="emptyRuleSelectionDisablesTheRule" classname="com.antiads.core.rules.ConservativeAdRuleEngineTest" time="0.0" />
  <testcase name="fuzzyAdContextLabelsAreRejected" classname="com.antiads.core.rules.ConservativeAdRuleEngineTest" time="0.001" />
  <testcase name="masterOrGlobalSwitchOffProducesNoCandidate" classname="com.antiads.core.rules.ConservativeAdRuleEngineTest" time="0.0" />
  <testcase name="adContextFromSameNodeOnlyProducesNothing" classname="com.antiads.core.rules.ConservativeAdRuleEngineTest" time="0.0" />
  <testcase name="explicitAdContextAndSkipButtonProduceSingleCandidate" classname="com.antiads.core.rules.ConservativeAdRuleEngineTest" time="0.001" />
  <testcase name="rejectedSystemAndHostTargetsAreNeverTouched" classname="com.antiads.core.rules.ConservativeAdRuleEngineTest" time="0.0" />
  <testcase name="invisibleAdContextIsNotEnough" classname="com.antiads.core.rules.ConservativeAdRuleEngineTest" time="0.0" />
  <testcase name="geometryBoundariesAreExact" classname="com.antiads.core.rules.ConservativeAdRuleEngineTest" time="0.001" />
  <testcase name="editableOrPasswordNodeBlocksWholeWindow" classname="com.antiads.core.rules.ConservativeAdRuleEngineTest" time="0.001" />
  <testcase name="skipWithoutAdContextProducesNothing" classname="com.antiads.core.rules.ConservativeAdRuleEngineTest" time="0.0" />
  <testcase name="windowLevelGuardsBlockCandidates" classname="com.antiads.core.rules.ConservativeAdRuleEngineTest" time="0.0" />
  <testcase name="chineseAndEnglishSkipVariantsMatch" classname="com.antiads.core.rules.ConservativeAdRuleEngineTest" time="0.001" />
  <testcase name="invisibleOrDisabledOrNonClickableCandidatesAreIgnored" classname="com.antiads.core.rules.ConservativeAdRuleEngineTest" time="0.002" />
  <testcase name="invalidBoundsAreRejected" classname="com.antiads.core.rules.ConservativeAdRuleEngineTest" time="0.001" />
  <testcase name="foregroundWindowAgeBoundaryIsTenSeconds" classname="com.antiads.core.rules.ConservativeAdRuleEngineTest" time="0.0" />
  <testcase name="unknownSchemaVersionProducesNoCandidate" classname="com.antiads.core.rules.ConservativeAdRuleEngineTest" time="0.001" />
  <testcase name="emptyNodeListProducesNothing" classname="com.antiads.core.rules.ConservativeAdRuleEngineTest" time="0.0" />
  <testcase name="screenDimensionLimitIsExactAndConservative" classname="com.antiads.core.rules.ConservativeAdRuleEngineTest" time="0.0" />
  <testcase name="misMatchingLabelsAreRejected" classname="com.antiads.core.rules.ConservativeAdRuleEngineTest" time="0.001" />
  <testcase name="contentChangedCannotExtendTheWindow" classname="com.antiads.core.rules.ConservativeAdRuleEngineTest" time="0.0" />
  <testcase name="onlyOneCandidateIsReturnedWithDeterministicOrdering" classname="com.antiads.core.rules.ConservativeAdRuleEngineTest" time="0.001" />
  <testcase name="separateContextNodeLetsCandidateAlsoCarryAdLabel" classname="com.antiads.core.rules.ConservativeAdRuleEngineTest" time="0.0" />
  <testcase name="abnormalScreenDimensionsBlockCandidates" classname="com.antiads.core.rules.ConservativeAdRuleEngineTest" time="0.0" />
  <system-out />
  <system-err />
</testsuite>