<?xml version="1.0" encoding="UTF-8"?>
<testsuite name="com.antiads.core.config.PolicyResolverTest" tests="5" skipped="0" failures="0" errors="0" timestamp="2026-09-21T02:10:40" hostname="DESKTOP-26RJE8H" time="0.008">
  <properties/>
  <testcase name="minimalPolicyHasNoOtherPackages" classname="com.antiads.core.config.PolicyResolverTest" time="0.006"/>
  <testcase name="unknownPackageIsAllOff" classname="com.antiads.core.config.PolicyResolverTest" time="0.0"/>
  <testcase name="anySwitchOffMeansDisabled" classname="com.antiads.core.config.PolicyResolverTest" time="0.0"/>
  <testcase name="disabledPolicyKeepsRealRevision" classname="com.antiads.core.config.PolicyResolverTest" time="0.001"/>
  <testcase name="allThreeSwitchesOnMeansEnabled" classname="com.antiads.core.config.PolicyResolverTest" time="0.0"/>
  <system-out><![CDATA[]]></system-out>
  <system-err><![CDATA[]]></system-err>
</testsuite>
