<?xml version="1.0" encoding="UTF-8"?>
<testsuite name="com.antiads.accessibility.PhaseCalculatorTest" tests="9" skipped="0" failures="0" errors="0" timestamp="2026-09-20T09:18:39" hostname="qa-windows-host" time="0.001">
  <properties/>
  <testcase name="missingDependencyIsError" classname="com.antiads.accessibility.PhaseCalculatorTest" time="0.0"/>
  <testcase name="unselectedPackageIsIdle" classname="com.antiads.accessibility.PhaseCalculatorTest" time="0.0"/>
  <testcase name="disconnected" classname="com.antiads.accessibility.PhaseCalculatorTest" time="0.0"/>
  <testcase name="masterSwitchOffIsPaused" classname="com.antiads.accessibility.PhaseCalculatorTest" time="0.0"/>
  <testcase name="missingConfigIsError" classname="com.antiads.accessibility.PhaseCalculatorTest" time="0.0"/>
  <testcase name="packageSwitchOffIsIdle" classname="com.antiads.accessibility.PhaseCalculatorTest" time="0.0"/>
  <testcase name="globalAccessibilityOffIsPaused" classname="com.antiads.accessibility.PhaseCalculatorTest" time="0.0"/>
  <testcase name="noForegroundPackageIsIdle" classname="com.antiads.accessibility.PhaseCalculatorTest" time="0.0"/>
  <testcase name="qualifyingTargetIsWatching" classname="com.antiads.accessibility.PhaseCalculatorTest" time="0.0"/>
  <system-out><![CDATA[]]></system-out>
  <system-err><![CDATA[]]></system-err>
</testsuite>
