<?xml version="1.0" encoding="UTF-8"?>
<testsuite name="com.antiads.accessibility.TraversalBudgetTest" tests="4" skipped="0" failures="0" errors="0" timestamp="2026-09-20T09:18:39" hostname="qa-windows-host" time="0.003">
  <properties/>
  <testcase name="defaultsMatchContractNumbers" classname="com.antiads.accessibility.TraversalBudgetTest" time="0.001"/>
  <testcase name="depthLimitIsInclusive" classname="com.antiads.accessibility.TraversalBudgetTest" time="0.001"/>
  <testcase name="timeBudgetReachingTheLimitMarksIncomplete" classname="com.antiads.accessibility.TraversalBudgetTest" time="0.0"/>
  <testcase name="nodeLimitMarksTraversalIncomplete" classname="com.antiads.accessibility.TraversalBudgetTest" time="0.001"/>
  <system-out><![CDATA[]]></system-out>
  <system-err><![CDATA[]]></system-err>
</testsuite>
