<?xml version="1.0" encoding="UTF-8"?>
<testsuite name="com.antiads.accessibility.PhaseCalculatorTest" tests="9" skipped="0" failures="0" errors="0" timestamp="2026-09-21T02:34:31" hostname="DESKTOP-26RJE8H" time="0.034">
  <properties/>
  <testcase name="missingDependencyIsError" classname="com.antiads.accessibility.PhaseCalculatorTest" time="0.0"/>
  <testcase name="unselectedPackageIsIdle" classname="com.antiads.accessibility.PhaseCalculatorTest" time="0.0"/>
  <testcase name="disconnected" classname="com.antiads.accessibility.PhaseCalculatorTest" time="0.0"/>
  <testcase name="masterSwitchOffIsPaused" classname="com.antiads.accessibility.PhaseCalculatorTest" time="0.001"/>
  <testcase name="missingConfigIsError" classname="com.antiads.accessibility.PhaseCalculatorTest" time="0.001"/>
  <testcase name="packageSwitchOffIsIdle" classname="com.antiads.accessibility.PhaseCalculatorTest" time="0.009"/>
  <testcase name="globalAccessibilityOffIsPaused" classname="com.antiads.accessibility.PhaseCalculatorTest" time="0.001"/>
  <testcase name="noForegroundPackageIsIdle" classname="com.antiads.accessibility.PhaseCalculatorTest" time="0.003"/>
  <testcase name="qualifyingTargetIsWatching" classname="com.antiads.accessibility.PhaseCalculatorTest" time="0.002"/>
  <system-out><![CDATA[]]></system-out>
  <system-err><![CDATA[]]></system-err>
</testsuite>
