<?xml version="1.0" encoding="UTF-8"?>
<testsuite name="com.antiads.accessibility.ServiceDeclarationTest" tests="3" skipped="0" failures="0" errors="0" timestamp="2026-09-21T02:11:08" hostname="DESKTOP-26RJE8H" time="0.202">
  <properties/>
  <testcase name="serviceConfigDeclaresContractAttributes" classname="com.antiads.accessibility.ServiceDeclarationTest" time="0.151"/>
  <testcase name="manifestDeclaresSystemBoundServiceOnly" classname="com.antiads.accessibility.ServiceDeclarationTest" time="0.005"/>
  <testcase name="serviceClassIsAnAccessibilityService" classname="com.antiads.accessibility.ServiceDeclarationTest" time="0.046"/>
  <system-out><![CDATA[]]></system-out>
  <system-err><![CDATA[]]></system-err>
</testsuite>
