<?xml version="1.0" encoding="UTF-8"?>
<testsuite name="com.antiads.accessibility.AccessibilityDependenciesTest" tests="5" skipped="0" failures="0" errors="0" timestamp="2026-09-21T02:11:07" hostname="DESKTOP-26RJE8H" time="0.333">
  <properties/>
  <testcase name="installExposesRepositoryWithoutClaimingConnection" classname="com.antiads.accessibility.AccessibilityDependenciesTest" time="0.313"/>
  <testcase name="detachStopsFurtherNotifications" classname="com.antiads.accessibility.AccessibilityDependenciesTest" time="0.007"/>
  <testcase name="closingAttachmentStopsNotifications" classname="com.antiads.accessibility.AccessibilityDependenciesTest" time="0.003"/>
  <testcase name="installAfterAttachNotifiesAttachedService" classname="com.antiads.accessibility.AccessibilityDependenciesTest" time="0.002"/>
  <testcase name="attachAfterInstallReceivesRepositoryImmediately" classname="com.antiads.accessibility.AccessibilityDependenciesTest" time="0.004"/>
  <system-out><![CDATA[]]></system-out>
  <system-err><![CDATA[]]></system-err>
</testsuite>
