<?xml version="1.0" encoding="UTF-8"?>
<testsuite name="com.antiads.core.policy.SensorPolicyEngineTest" tests="9" skipped="0" failures="0" errors="0" timestamp="2026-09-21T02:33:59" hostname="DESKTOP-26RJE8H" time="0.019">
  <properties/>
  <testcase name="contractScenario5999DropsAnd6000Allows" classname="com.antiads.core.policy.SensorPolicyEngineTest" time="0.006"/>
  <testcase name="negativeAndRollbackTimestampsAllow" classname="com.antiads.core.policy.SensorPolicyEngineTest" time="0.001"/>
  <testcase name="emptyTypeSetNeverDrops" classname="com.antiads.core.policy.SensorPolicyEngineTest" time="0.001"/>
  <testcase name="unknownSchemaAllows" classname="com.antiads.core.policy.SensorPolicyEngineTest" time="0.001"/>
  <testcase name="noSnapshotAllows" classname="com.antiads.core.policy.SensorPolicyEngineTest" time="0.0"/>
  <testcase name="packageMismatchAllows" classname="com.antiads.core.policy.SensorPolicyEngineTest" time="0.002"/>
  <testcase name="notSelectedTypeAndDisabledPolicyAllow" classname="com.antiads.core.policy.SensorPolicyEngineTest" time="0.001"/>
  <testcase name="leaseLengthBoundaries" classname="com.antiads.core.policy.SensorPolicyEngineTest" time="0.001"/>
  <testcase name="validSnapshotDropsSelectedType" classname="com.antiads.core.policy.SensorPolicyEngineTest" time="0.001"/>
  <system-out><![CDATA[]]></system-out>
  <system-err><![CDATA[]]></system-err>
</testsuite>
