<?xml version='1.0' encoding='utf-8'?>
<testsuite name="com.antiads.probe.diag.DiagFileThrottleTest" tests="5" skipped="0" failures="0" errors="0" timestamp="2026-09-20T11:08:15" hostname="qa-windows-host" time="0.005">
  <properties />
  <testcase name="writesWithinOneSecondAreThrottled" classname="com.antiads.probe.diag.DiagFileThrottleTest" time="0.003" />
  <testcase name="firstWriteIsAllowed" classname="com.antiads.probe.diag.DiagFileThrottleTest" time="0.0" />
  <testcase name="resetClearsThrottleWindow" classname="com.antiads.probe.diag.DiagFileThrottleTest" time="0.0" />
  <testcase name="forceWriteIsImmediateAndResetsWindow" classname="com.antiads.probe.diag.DiagFileThrottleTest" time="0.001" />
  <testcase name="customIntervalIsRespected" classname="com.antiads.probe.diag.DiagFileThrottleTest" time="0.0" />
  <system-out />
  <system-err />
</testsuite>