<?xml version='1.0' encoding='utf-8'?>
<testsuite name="com.antiads.probe.diag.DiagJsonTest" tests="8" skipped="0" failures="0" errors="0" timestamp="2026-09-20T11:08:15" hostname="qa-windows-host" time="0.117">
  <properties />
  <testcase name="noteIsEscaped" classname="com.antiads.probe.diag.DiagJsonTest" time="0.019" />
  <testcase name="summaryCarriesVerdictAndControlGate" classname="com.antiads.probe.diag.DiagJsonTest" time="0.001" />
  <testcase name="rowLineCarriesIdentityAndCounters" classname="com.antiads.probe.diag.DiagJsonTest" time="0.0" />
  <testcase name="nullFieldsAreEmittedAsJsonNull" classname="com.antiads.probe.diag.DiagJsonTest" time="0.001" />
  <testcase name="snapshotIsParseableAndCarriesOnlyDiagFields" classname="com.antiads.probe.diag.DiagJsonTest" time="0.095" />
  <testcase name="silenceWindowLineExposesBeforeAndAfterTimestamps" classname="com.antiads.probe.diag.DiagJsonTest" time="0.001" />
  <testcase name="controlRowIsMarked" classname="com.antiads.probe.diag.DiagJsonTest" time="0.0" />
  <testcase name="snapshotFileLineRecordsPathAndForce" classname="com.antiads.probe.diag.DiagJsonTest" time="0.0" />
  <system-out />
  <system-err />
</testsuite>