<?xml version='1.0' encoding='utf-8'?>
<testsuite name="com.antiads.probe.diag.SilenceWindowDetectorTest" tests="3" skipped="0" failures="0" errors="0" timestamp="2026-09-20T11:08:15" hostname="qa-windows-host" time="0.003">
  <properties />
  <testcase name="tracksPerSensorTypeIndependently" classname="com.antiads.probe.diag.SilenceWindowDetectorTest" time="0.002" />
  <testcase name="firstCallbackNeverCreatesWindow" classname="com.antiads.probe.diag.SilenceWindowDetectorTest" time="0.001" />
  <testcase name="recordsWindowOnlyForGapsAboveThreshold" classname="com.antiads.probe.diag.SilenceWindowDetectorTest" time="0.0" />
  <system-out />
  <system-err />
</testsuite>