<?xml version='1.0' encoding='utf-8'?>
<testsuite name="com.antiads.hook.internal.HookSkipRulesTest" tests="2" skipped="0" failures="0" errors="0" timestamp="2026-09-20T11:08:06" hostname="qa-windows-host" time="0.033">
  <properties />
  <testcase name="skipsHostSystemUiAndSystemServer" classname="com.antiads.hook.internal.HookSkipRulesTest" time="0.033" />
  <testcase name="installsForOrdinaryTargets" classname="com.antiads.hook.internal.HookSkipRulesTest" time="0.0" />
  <system-out />
  <system-err />
</testsuite>