<?xml version='1.0' encoding='utf-8'?>
<testsuite name="com.antiads.hook.internal.policy.FailOpenDecisionTest" tests="6" skipped="0" failures="0" errors="0" timestamp="2026-09-20T11:08:06" hostname="qa-windows-host" time="0.252">
  <properties />
  <testcase name="noPolicyMeansEverySensorTypeIsAllowed" classname="com.antiads.hook.internal.policy.FailOpenDecisionTest" time="0.031" />
  <testcase name="disablingHookRestoresFutureCallbacks" classname="com.antiads.hook.internal.policy.FailOpenDecisionTest" time="0.216" />
  <testcase name="onlySelectedTypesAreDroppedWhilePolicyEnabled" classname="com.antiads.hook.internal.policy.FailOpenDecisionTest" time="0.001" />
  <testcase name="emptyTypeSelectionNeverDrops" classname="com.antiads.hook.internal.policy.FailOpenDecisionTest" time="0.002" />
  <testcase name="typeResolveFailuresAreCountedAndNeverDrop" classname="com.antiads.hook.internal.policy.FailOpenDecisionTest" time="0.0" />
  <testcase name="policyForAnotherPackageIsNeverApplied" classname="com.antiads.hook.internal.policy.FailOpenDecisionTest" time="0.002" />
  <system-out />
  <system-err />
</testsuite>