<?xml version='1.0' encoding='utf-8'?>
<testsuite name="com.antiads.hook.internal.policy.HookRefreshThrottleTest" tests="3" skipped="0" failures="0" errors="0" timestamp="2026-09-20T11:08:07" hostname="qa-windows-host" time="0.004">
  <properties />
  <testcase name="firstFetchIsNotThrottledByInitialRead" classname="com.antiads.hook.internal.policy.HookRefreshThrottleTest" time="0.001" />
  <testcase name="noSensorTrafficMeansNoFurtherProviderAccess" classname="com.antiads.hook.internal.policy.HookRefreshThrottleTest" time="0.001" />
  <testcase name="refreshIsThrottledToAtMostOnePerTwoSeconds" classname="com.antiads.hook.internal.policy.HookRefreshThrottleTest" time="0.001" />
  <system-out />
  <system-err />
</testsuite>