<?xml version='1.0' encoding='utf-8'?>
<testsuite name="com.antiads.hook.internal.policy.HookPolicyLeaseTest" tests="7" skipped="0" failures="0" errors="0" timestamp="2026-09-20T11:08:07" hostname="qa-windows-host" time="0.011">
  <properties />
  <testcase name="lateReplyIsDiscardedAndDoesNotExtendExistingLease" classname="com.antiads.hook.internal.policy.HookPolicyLeaseTest" time="0.002" />
  <testcase name="providerUnreachableClearsCacheAndNeverBlocksSensors" classname="com.antiads.hook.internal.policy.HookPolicyLeaseTest" time="0.002" />
  <testcase name="clockRewindNeverDropsAndIsReportedAsInvalid" classname="com.antiads.hook.internal.policy.HookPolicyLeaseTest" time="0.001" />
  <testcase name="publishesLeaseFromRequestStartAndRespectsExpiryBoundary" classname="com.antiads.hook.internal.policy.HookPolicyLeaseTest" time="0.002" />
  <testcase name="decisionsIgnoreWallClockChangesAndKeepDroppingWhileLeaseValid" classname="com.antiads.hook.internal.policy.HookPolicyLeaseTest" time="0.001" />
  <testcase name="lateReplyWithoutExistingCacheAllowsImmediately" classname="com.antiads.hook.internal.policy.HookPolicyLeaseTest" time="0.001" />
  <testcase name="rejectedReadClearsCacheImmediatelyAndKeepsFailingOpen" classname="com.antiads.hook.internal.policy.HookPolicyLeaseTest" time="0.002" />
  <system-out />
  <system-err />
</testsuite>