<?xml version='1.0' encoding='utf-8'?>
<testsuite name="com.antiads.hook.internal.policy.PolicyJsonTest" tests="7" skipped="0" failures="0" errors="0" timestamp="2026-09-20T11:08:07" hostname="qa-windows-host" time="0.01">
  <properties />
  <testcase name="acceptsDisabledPolicyWithEmptyTypeSet" classname="com.antiads.hook.internal.policy.PolicyJsonTest" time="0.001" />
  <testcase name="rejectsMissingOrUnknownSchemaVersion" classname="com.antiads.hook.internal.policy.PolicyJsonTest" time="0.0" />
  <testcase name="rejectsBrokenJsonAndWrongTypes" classname="com.antiads.hook.internal.policy.PolicyJsonTest" time="0.003" />
  <testcase name="rejectsPackageMismatch" classname="com.antiads.hook.internal.policy.PolicyJsonTest" time="0.001" />
  <testcase name="rejectsSensorTypeOutsideAllowedSet" classname="com.antiads.hook.internal.policy.PolicyJsonTest" time="0.0" />
  <testcase name="acceptsValidPolicyAndIgnoresUnknownFields" classname="com.antiads.hook.internal.policy.PolicyJsonTest" time="0.0" />
  <testcase name="rejectsPayloadLargerThanProtocolLimit" classname="com.antiads.hook.internal.policy.PolicyJsonTest" time="0.003" />
  <system-out />
  <system-err />
</testsuite>