<?xml version='1.0' encoding='utf-8'?>
<testsuite name="com.antiads.hook.internal.SensorDispatchTargetTest" tests="6" skipped="0" failures="0" errors="0" timestamp="2026-09-20T11:08:06" hostname="qa-windows-host" time="0.021">
  <properties />
  <testcase name="rejectsStaticMethod" classname="com.antiads.hook.internal.SensorDispatchTargetTest" time="0.012" />
  <testcase name="rejectsDifferentParameterList" classname="com.antiads.hook.internal.SensorDispatchTargetTest" time="0.001" />
  <testcase name="rejectsMissingTargetMethod" classname="com.antiads.hook.internal.SensorDispatchTargetTest" time="0.001" />
  <testcase name="rejectsQueueWithoutTheExpectedMethod" classname="com.antiads.hook.internal.SensorDispatchTargetTest" time="0.001" />
  <testcase name="acceptsExpectedShape" classname="com.antiads.hook.internal.SensorDispatchTargetTest" time="0.004" />
  <testcase name="rejectsQueueWithoutHandleToSensorPath" classname="com.antiads.hook.internal.SensorDispatchTargetTest" time="0.001" />
  <system-out />
  <system-err />
</testsuite>