<?xml version='1.0' encoding='utf-8'?>
<testsuite name="com.antiads.hook.internal.policy.HookReportSchedulingTest" tests="3" skipped="0" failures="0" errors="0" timestamp="2026-09-20T11:08:07" hostname="qa-windows-host" time="0.119">
  <properties />
  <testcase name="reportFailureIsIsolatedAndStillThrottled" classname="com.antiads.hook.internal.policy.HookReportSchedulingTest" time="0.003" />
  <testcase name="unsupportedInstallStateIsReportedVerbatim" classname="com.antiads.hook.internal.policy.HookReportSchedulingTest" time="0.002" />
  <testcase name="reportsAreMergedToOnePerFiveSecondsAndStayValid" classname="com.antiads.hook.internal.policy.HookReportSchedulingTest" time="0.114" />
  <system-out />
  <system-err />
</testsuite>