<?xml version="1.0" encoding="UTF-8"?>
<testsuite name="com.antiads.hook.internal.policy.FailOpenDecisionTest" tests="6" skipped="0" failures="0" errors="0" timestamp="2026-09-21T02:11:34" hostname="DESKTOP-26RJE8H" time="1.223">
  <properties/>
  <testcase name="noPolicyMeansEverySensorTypeIsAllowed" classname="com.antiads.hook.internal.policy.FailOpenDecisionTest" time="0.119"/>
  <testcase name="disablingHookRestoresFutureCallbacks" classname="com.antiads.hook.internal.policy.FailOpenDecisionTest" time="1.085"/>
  <testcase name="onlySelectedTypesAreDroppedWhilePolicyEnabled" classname="com.antiads.hook.internal.policy.FailOpenDecisionTest" time="0.008"/>
  <testcase name="emptyTypeSelectionNeverDrops" classname="com.antiads.hook.internal.policy.FailOpenDecisionTest" time="0.005"/>
  <testcase name="typeResolveFailuresAreCountedAndNeverDrop" classname="com.antiads.hook.internal.policy.FailOpenDecisionTest" time="0.0"/>
  <testcase name="policyForAnotherPackageIsNeverApplied" classname="com.antiads.hook.internal.policy.FailOpenDecisionTest" time="0.003"/>
  <system-out><![CDATA[]]></system-out>
  <system-err><![CDATA[]]></system-err>
</testsuite>
