<?xml version="1.0" encoding="UTF-8"?>
<testsuite name="com.antiads.hook.internal.policy.SingleThreadWorkerTest" tests="4" skipped="0" failures="0" errors="0" timestamp="2026-09-21T02:11:36" hostname="DESKTOP-26RJE8H" time="0.169">
  <properties/>
  <testcase name="submitAfterCloseIsIgnored" classname="com.antiads.hook.internal.policy.SingleThreadWorkerTest" time="0.004"/>
  <testcase name="tasksRunSeriallyOnExactlyOneThread" classname="com.antiads.hook.internal.policy.SingleThreadWorkerTest" time="0.018"/>
  <testcase name="taskFailureIsIsolatedAndWorkerKeepsRunning" classname="com.antiads.hook.internal.policy.SingleThreadWorkerTest" time="0.026"/>
  <testcase name="stuckTaskDoesNotSpawnReplacementThreads" classname="com.antiads.hook.internal.policy.SingleThreadWorkerTest" time="0.121"/>
  <system-out><![CDATA[]]></system-out>
  <system-err><![CDATA[]]></system-err>
</testsuite>
