<?xml version="1.0" encoding="UTF-8"?>
<testsuite name="com.antiads.hook.internal.policy.HookRefreshThrottleTest" tests="3" skipped="0" failures="0" errors="0" timestamp="2026-09-21T02:11:35" hostname="DESKTOP-26RJE8H" time="0.053">
  <properties/>
  <testcase name="firstFetchIsNotThrottledByInitialRead" classname="com.antiads.hook.internal.policy.HookRefreshThrottleTest" time="0.02"/>
  <testcase name="noSensorTrafficMeansNoFurtherProviderAccess" classname="com.antiads.hook.internal.policy.HookRefreshThrottleTest" time="0.012"/>
  <testcase name="refreshIsThrottledToAtMostOnePerTwoSeconds" classname="com.antiads.hook.internal.policy.HookRefreshThrottleTest" time="0.017"/>
  <system-out><![CDATA[]]></system-out>
  <system-err><![CDATA[]]></system-err>
</testsuite>
