<?xml version="1.0" encoding="UTF-8"?>
<testsuite name="com.antiads.hook.internal.policy.PolicyJsonTest" tests="7" skipped="0" failures="0" errors="0" timestamp="2026-09-21T02:11:36" hostname="DESKTOP-26RJE8H" time="0.071">
  <properties/>
  <testcase name="acceptsDisabledPolicyWithEmptyTypeSet" classname="com.antiads.hook.internal.policy.PolicyJsonTest" time="0.002"/>
  <testcase name="rejectsMissingOrUnknownSchemaVersion" classname="com.antiads.hook.internal.policy.PolicyJsonTest" time="0.003"/>
  <testcase name="rejectsBrokenJsonAndWrongTypes" classname="com.antiads.hook.internal.policy.PolicyJsonTest" time="0.01"/>
  <testcase name="rejectsPackageMismatch" classname="com.antiads.hook.internal.policy.PolicyJsonTest" time="0.007"/>
  <testcase name="rejectsSensorTypeOutsideAllowedSet" classname="com.antiads.hook.internal.policy.PolicyJsonTest" time="0.02"/>
  <testcase name="acceptsValidPolicyAndIgnoresUnknownFields" classname="com.antiads.hook.internal.policy.PolicyJsonTest" time="0.008"/>
  <testcase name="rejectsPayloadLargerThanProtocolLimit" classname="com.antiads.hook.internal.policy.PolicyJsonTest" time="0.011"/>
  <system-out><![CDATA[]]></system-out>
  <system-err><![CDATA[]]></system-err>
</testsuite>
