<?xml version="1.0" encoding="UTF-8"?>
<testsuite name="com.antiads.app.config.ProviderEntryPolicyTest" tests="2" skipped="0" failures="0" errors="0" timestamp="2026-09-21T02:35:31" hostname="DESKTOP-26RJE8H" time="0.017">
  <properties/>
  <testcase name="callMethodPolicyOnlyAllowsTwoReadOnlyMethods" classname="com.antiads.app.config.ProviderEntryPolicyTest" time="0.001"/>
  <testcase name="readEntryPointsReturnNullAndAllMutationsThrow" classname="com.antiads.app.config.ProviderEntryPolicyTest" time="0.01"/>
  <system-out><![CDATA[]]></system-out>
  <system-err><![CDATA[]]></system-err>
</testsuite>
