<?xml version='1.0' encoding='utf-8'?>
<testsuite name="com.antiads.app.config.ProviderEntryPolicyTest" tests="2" skipped="0" failures="0" errors="0" timestamp="2026-09-20T11:08:08" hostname="qa-windows-host" time="0.003">
  <properties />
  <testcase name="callMethodPolicyOnlyAllowsTwoReadOnlyMethods" classname="com.antiads.app.config.ProviderEntryPolicyTest" time="0.0" />
  <testcase name="readEntryPointsReturnNullAndAllMutationsThrow" classname="com.antiads.app.config.ProviderEntryPolicyTest" time="0.003" />
  <system-out />
  <system-err />
</testsuite>