<?xml version='1.0' encoding='utf-8'?>
<testsuite name="com.antiads.app.config.RateLimiterTest" tests="4" skipped="0" failures="0" errors="0" timestamp="2026-09-20T11:08:08" hostname="qa-windows-host" time="0.005">
  <properties />
  <testcase name="trackedUidMapIsBounded" classname="com.antiads.app.config.RateLimiterTest" time="0.001" />
  <testcase name="allowsUpToLimitInsideWindowAndBlocksNext" classname="com.antiads.app.config.RateLimiterTest" time="0.0" />
  <testcase name="clockRollbackKeepsLimiting" classname="com.antiads.app.config.RateLimiterTest" time="0.001" />
  <testcase name="separateUidsHaveSeparateWindows" classname="com.antiads.app.config.RateLimiterTest" time="0.001" />
  <system-out />
  <system-err />
</testsuite>