<?xml version="1.0" encoding="UTF-8"?>
<testsuite name="com.antiads.app.config.RateLimiterTest" tests="4" skipped="0" failures="0" errors="0" timestamp="2026-09-21T02:11:48" hostname="DESKTOP-26RJE8H" time="0.011">
  <properties/>
  <testcase name="trackedUidMapIsBounded" classname="com.antiads.app.config.RateLimiterTest" time="0.007"/>
  <testcase name="allowsUpToLimitInsideWindowAndBlocksNext" classname="com.antiads.app.config.RateLimiterTest" time="0.002"/>
  <testcase name="clockRollbackKeepsLimiting" classname="com.antiads.app.config.RateLimiterTest" time="0.001"/>
  <testcase name="separateUidsHaveSeparateWindows" classname="com.antiads.app.config.RateLimiterTest" time="0.001"/>
  <system-out><![CDATA[]]></system-out>
  <system-err><![CDATA[]]></system-err>
</testsuite>
