<?xml version="1.0" encoding="UTF-8"?>
<testsuite name="com.antiads.hook.internal.policy.HookReportSchedulingTest" tests="3" skipped="0" failures="0" errors="0" timestamp="2026-09-20T09:18:46" hostname="qa-windows-host" time="0.082">
  <properties/>
  <testcase name="reportFailureIsIsolatedAndStillThrottled" classname="com.antiads.hook.internal.policy.HookReportSchedulingTest" time="0.007"/>
  <testcase name="unsupportedInstallStateIsReportedVerbatim" classname="com.antiads.hook.internal.policy.HookReportSchedulingTest" time="0.004"/>
  <testcase name="reportsAreMergedToOnePerFiveSecondsAndStayValid" classname="com.antiads.hook.internal.policy.HookReportSchedulingTest" time="0.07"/>
  <system-out><![CDATA[]]></system-out>
  <system-err><![CDATA[]]></system-err>
</testsuite>
