<?xml version="1.0" encoding="UTF-8"?>
<testsuite name="com.antiads.hook.internal.policy.SingleThreadWorkerTest" tests="4" skipped="0" failures="0" errors="0" timestamp="2026-09-20T09:18:46" hostname="qa-windows-host" time="0.15">
  <properties/>
  <testcase name="submitAfterCloseIsIgnored" classname="com.antiads.hook.internal.policy.SingleThreadWorkerTest" time="0.01"/>
  <testcase name="tasksRunSeriallyOnExactlyOneThread" classname="com.antiads.hook.internal.policy.SingleThreadWorkerTest" time="0.018"/>
  <testcase name="taskFailureIsIsolatedAndWorkerKeepsRunning" classname="com.antiads.hook.internal.policy.SingleThreadWorkerTest" time="0.002"/>
  <testcase name="stuckTaskDoesNotSpawnReplacementThreads" classname="com.antiads.hook.internal.policy.SingleThreadWorkerTest" time="0.119"/>
  <system-out><![CDATA[]]></system-out>
  <system-err><![CDATA[]]></system-err>
</testsuite>
