<?xml version="1.0" encoding="UTF-8"?>
<testsuite name="com.antiads.hook.internal.SensorDispatchTargetTest" tests="6" skipped="0" failures="0" errors="0" timestamp="2026-09-20T09:18:46" hostname="qa-windows-host" time="0.032">
  <properties/>
  <testcase name="rejectsStaticMethod" classname="com.antiads.hook.internal.SensorDispatchTargetTest" time="0.016"/>
  <testcase name="rejectsDifferentParameterList" classname="com.antiads.hook.internal.SensorDispatchTargetTest" time="0.002"/>
  <testcase name="rejectsMissingTargetMethod" classname="com.antiads.hook.internal.SensorDispatchTargetTest" time="0.002"/>
  <testcase name="rejectsQueueWithoutTheExpectedMethod" classname="com.antiads.hook.internal.SensorDispatchTargetTest" time="0.001"/>
  <testcase name="acceptsExpectedShape" classname="com.antiads.hook.internal.SensorDispatchTargetTest" time="0.006"/>
  <testcase name="rejectsQueueWithoutHandleToSensorPath" classname="com.antiads.hook.internal.SensorDispatchTargetTest" time="0.002"/>
  <system-out><![CDATA[]]></system-out>
  <system-err><![CDATA[]]></system-err>
</testsuite>
