<?xml version="1.0" encoding="UTF-8"?>
<testsuite name="com.antiads.hook.internal.policy.HookPolicyLeaseTest" tests="7" skipped="0" failures="0" errors="0" timestamp="2026-09-20T09:18:46" hostname="qa-windows-host" time="0.043">
  <properties/>
  <testcase name="lateReplyIsDiscardedAndDoesNotExtendExistingLease" classname="com.antiads.hook.internal.policy.HookPolicyLeaseTest" time="0.003"/>
  <testcase name="providerUnreachableClearsCacheAndNeverBlocksSensors" classname="com.antiads.hook.internal.policy.HookPolicyLeaseTest" time="0.002"/>
  <testcase name="clockRewindNeverDropsAndIsReportedAsInvalid" classname="com.antiads.hook.internal.policy.HookPolicyLeaseTest" time="0.023"/>
  <testcase name="publishesLeaseFromRequestStartAndRespectsExpiryBoundary" classname="com.antiads.hook.internal.policy.HookPolicyLeaseTest" time="0.002"/>
  <testcase name="decisionsIgnoreWallClockChangesAndKeepDroppingWhileLeaseValid" classname="com.antiads.hook.internal.policy.HookPolicyLeaseTest" time="0.002"/>
  <testcase name="lateReplyWithoutExistingCacheAllowsImmediately" classname="com.antiads.hook.internal.policy.HookPolicyLeaseTest" time="0.002"/>
  <testcase name="rejectedReadClearsCacheImmediatelyAndKeepsFailingOpen" classname="com.antiads.hook.internal.policy.HookPolicyLeaseTest" time="0.002"/>
  <system-out><![CDATA[]]></system-out>
  <system-err><![CDATA[]]></system-err>
</testsuite>
