<?xml version="1.0" encoding="UTF-8"?>
<testsuite name="com.antiads.hook.internal.SensorTypeResolverTest" tests="7" skipped="0" failures="0" errors="0" timestamp="2026-09-20T09:18:46" hostname="qa-windows-host" time="0.033">
  <properties/>
  <testcase name="handleIsNotAssumedToBeSensorType" classname="com.antiads.hook.internal.SensorTypeResolverTest" time="0.011"/>
  <testcase name="shapeCheckAcceptsBothSupportedPaths" classname="com.antiads.hook.internal.SensorTypeResolverTest" time="0.002"/>
  <testcase name="missingPathIsUnresolvedAndDetectedByShapeCheck" classname="com.antiads.hook.internal.SensorTypeResolverTest" time="0.002"/>
  <testcase name="outOfRangeSensorTypeIsUnresolved" classname="com.antiads.hook.internal.SensorTypeResolverTest" time="0.0"/>
  <testcase name="unknownHandleIsUnresolved" classname="com.antiads.hook.internal.SensorTypeResolverTest" time="0.0"/>
  <testcase name="resolvesViaManagerMap" classname="com.antiads.hook.internal.SensorTypeResolverTest" time="0.014"/>
  <testcase name="resolvesViaQueueOwnMap" classname="com.antiads.hook.internal.SensorTypeResolverTest" time="0.001"/>
  <system-out><![CDATA[]]></system-out>
  <system-err><![CDATA[]]></system-err>
</testsuite>
