<?xml version="1.0" encoding="UTF-8"?>
<testsuite name="com.antiads.hook.internal.HookSkipRulesTest" tests="2" skipped="0" failures="0" errors="0" timestamp="2026-09-20T09:18:45" hostname="qa-windows-host" time="0.039">
  <properties/>
  <testcase name="skipsHostSystemUiAndSystemServer" classname="com.antiads.hook.internal.HookSkipRulesTest" time="0.038"/>
  <testcase name="installsForOrdinaryTargets" classname="com.antiads.hook.internal.HookSkipRulesTest" time="0.0"/>
  <system-out><![CDATA[]]></system-out>
  <system-err><![CDATA[]]></system-err>
</testsuite>
