<?xml version="1.0" encoding="UTF-8"?>
<testsuite name="com.antiads.hook.internal.policy.FailOpenDecisionTest" tests="6" skipped="0" failures="0" errors="0" timestamp="2026-09-20T09:18:46" hostname="qa-windows-host" time="0.259">
  <properties/>
  <testcase name="noPolicyMeansEverySensorTypeIsAllowed" classname="com.antiads.hook.internal.policy.FailOpenDecisionTest" time="0.057"/>
  <testcase name="disablingHookRestoresFutureCallbacks" classname="com.antiads.hook.internal.policy.FailOpenDecisionTest" time="0.194"/>
  <testcase name="onlySelectedTypesAreDroppedWhilePolicyEnabled" classname="com.antiads.hook.internal.policy.FailOpenDecisionTest" time="0.001"/>
  <testcase name="emptyTypeSelectionNeverDrops" classname="com.antiads.hook.internal.policy.FailOpenDecisionTest" time="0.002"/>
  <testcase name="typeResolveFailuresAreCountedAndNeverDrop" classname="com.antiads.hook.internal.policy.FailOpenDecisionTest" time="0.0"/>
  <testcase name="policyForAnotherPackageIsNeverApplied" classname="com.antiads.hook.internal.policy.FailOpenDecisionTest" time="0.001"/>
  <system-out><![CDATA[]]></system-out>
  <system-err><![CDATA[]]></system-err>
</testsuite>
