<?xml version="1.0" encoding="UTF-8"?>
<testsuite name="com.antiads.hook.internal.policy.PolicyJsonTest" tests="7" skipped="0" failures="0" errors="0" timestamp="2026-09-20T09:18:46" hostname="qa-windows-host" time="0.019">
  <properties/>
  <testcase name="acceptsDisabledPolicyWithEmptyTypeSet" classname="com.antiads.hook.internal.policy.PolicyJsonTest" time="0.001"/>
  <testcase name="rejectsMissingOrUnknownSchemaVersion" classname="com.antiads.hook.internal.policy.PolicyJsonTest" time="0.001"/>
  <testcase name="rejectsBrokenJsonAndWrongTypes" classname="com.antiads.hook.internal.policy.PolicyJsonTest" time="0.01"/>
  <testcase name="rejectsPackageMismatch" classname="com.antiads.hook.internal.policy.PolicyJsonTest" time="0.001"/>
  <testcase name="rejectsSensorTypeOutsideAllowedSet" classname="com.antiads.hook.internal.policy.PolicyJsonTest" time="0.001"/>
  <testcase name="acceptsValidPolicyAndIgnoresUnknownFields" classname="com.antiads.hook.internal.policy.PolicyJsonTest" time="0.001"/>
  <testcase name="rejectsPayloadLargerThanProtocolLimit" classname="com.antiads.hook.internal.policy.PolicyJsonTest" time="0.004"/>
  <system-out><![CDATA[]]></system-out>
  <system-err><![CDATA[]]></system-err>
</testsuite>
