<?xml version="1.0" encoding="UTF-8"?>
<testsuite name="com.antiads.hook.internal.policy.HookRefreshThrottleTest" tests="3" skipped="0" failures="0" errors="0" timestamp="2026-09-20T09:18:46" hostname="qa-windows-host" time="0.018">
  <properties/>
  <testcase name="firstFetchIsNotThrottledByInitialRead" classname="com.antiads.hook.internal.policy.HookRefreshThrottleTest" time="0.014"/>
  <testcase name="noSensorTrafficMeansNoFurtherProviderAccess" classname="com.antiads.hook.internal.policy.HookRefreshThrottleTest" time="0.002"/>
  <testcase name="refreshIsThrottledToAtMostOnePerTwoSeconds" classname="com.antiads.hook.internal.policy.HookRefreshThrottleTest" time="0.002"/>
  <system-out><![CDATA[]]></system-out>
  <system-err><![CDATA[]]></system-err>
</testsuite>
