<?xml version="1.0" encoding="UTF-8"?>
<testsuite name="com.antiads.app.ui.StatusFactsTest" tests="5" skipped="0" failures="0" errors="0" timestamp="2026-09-20T09:18:51" hostname="qa-windows-host" time="0.011">
  <properties/>
  <testcase name="accessibilityReportsLastActionAgeAndAcceptedFlag" classname="com.antiads.app.ui.StatusFactsTest" time="0.005"/>
  <testcase name="serviceIdentityMatchRequiresExactPackageAndClass" classname="com.antiads.app.ui.StatusFactsTest" time="0.0"/>
  <testcase name="hookReportsOrderFreshFirstThenNewest" classname="com.antiads.app.ui.StatusFactsTest" time="0.005"/>
  <testcase name="freshnessUsesFifteenSecondBoundary" classname="com.antiads.app.ui.StatusFactsTest" time="0.001"/>
  <testcase name="accessibilityAuthorizedAndConnectedStaySeparateFacts" classname="com.antiads.app.ui.StatusFactsTest" time="0.0"/>
  <system-out><![CDATA[]]></system-out>
  <system-err><![CDATA[]]></system-err>
</testsuite>
