<?xml version="1.0" encoding="UTF-8"?>
<testsuite name="com.antiads.app.config.ProviderEntryPolicyTest" tests="2" skipped="0" failures="0" errors="0" timestamp="2026-09-20T09:18:51" hostname="qa-windows-host" time="0.005">
  <properties/>
  <testcase name="callMethodPolicyOnlyAllowsTwoReadOnlyMethods" classname="com.antiads.app.config.ProviderEntryPolicyTest" time="0.0"/>
  <testcase name="readEntryPointsReturnNullAndAllMutationsThrow" classname="com.antiads.app.config.ProviderEntryPolicyTest" time="0.005"/>
  <system-out><![CDATA[]]></system-out>
  <system-err><![CDATA[]]></system-err>
</testsuite>
