<?xml version="1.0" encoding="UTF-8"?>
<testsuite name="com.antiads.app.config.RateLimiterTest" tests="4" skipped="0" failures="0" errors="0" timestamp="2026-09-20T09:18:51" hostname="qa-windows-host" time="0.005">
  <properties/>
  <testcase name="trackedUidMapIsBounded" classname="com.antiads.app.config.RateLimiterTest" time="0.001"/>
  <testcase name="allowsUpToLimitInsideWindowAndBlocksNext" classname="com.antiads.app.config.RateLimiterTest" time="0.001"/>
  <testcase name="clockRollbackKeepsLimiting" classname="com.antiads.app.config.RateLimiterTest" time="0.001"/>
  <testcase name="separateUidsHaveSeparateWindows" classname="com.antiads.app.config.RateLimiterTest" time="0.001"/>
  <system-out><![CDATA[]]></system-out>
  <system-err><![CDATA[]]></system-err>
</testsuite>
