<?xml version="1.0" encoding="UTF-8"?>
<testsuite name="com.antiads.probe.diag.ShakeCounterTest" tests="4" skipped="0" failures="0" errors="0" timestamp="2026-09-21T02:12:06" hostname="DESKTOP-26RJE8H" time="0.006">
  <properties/>
  <testcase name="ignoresValuesWithinDeadZone" classname="com.antiads.probe.diag.ShakeCounterTest" time="0.002"/>
  <testcase name="countsShakeOnDirectionChangesWithinWindow" classname="com.antiads.probe.diag.ShakeCounterTest" time="0.003"/>
  <testcase name="resetsCounters" classname="com.antiads.probe.diag.ShakeCounterTest" time="0.001"/>
  <testcase name="windowExpiryClearsDirectionChanges" classname="com.antiads.probe.diag.ShakeCounterTest" time="0.0"/>
  <system-out><![CDATA[]]></system-out>
  <system-err><![CDATA[]]></system-err>
</testsuite>
