<?xml version="1.0" encoding="UTF-8"?>
<testsuite name="com.antiads.probe.diag.ProbeUiStateRulesTest" tests="4" skipped="0" failures="0" errors="0" timestamp="2026-09-21T02:12:06" hostname="DESKTOP-26RJE8H" time="0.033">
  <properties/>
  <testcase name="autoStartIsNeverRequestedInAnyCombination" classname="com.antiads.probe.diag.ProbeUiStateRulesTest" time="0.029"/>
  <testcase name="returningToPageReEnablesExplicitStartAndPeriodicRefresh" classname="com.antiads.probe.diag.ProbeUiStateRulesTest" time="0.0"/>
  <testcase name="runningSamplingKeepsStartDisabled" classname="com.antiads.probe.diag.ProbeUiStateRulesTest" time="0.002"/>
  <testcase name="afterPauseStopsSamplingStartIsEnabledAndStopIsDisabled" classname="com.antiads.probe.diag.ProbeUiStateRulesTest" time="0.001"/>
  <system-out><![CDATA[]]></system-out>
  <system-err><![CDATA[]]></system-err>
</testsuite>
