<?xml version="1.0" encoding="UTF-8"?>
<testsuite name="com.antiads.probe.diag.ProbeTypesTest" tests="5" skipped="0" failures="0" errors="0" timestamp="2026-09-21T02:12:06" hostname="DESKTOP-26RJE8H" time="0.038">
  <properties/>
  <testcase name="fallsBackToSmallestAvailableUnselectedType" classname="com.antiads.probe.diag.ProbeTypesTest" time="0.006"/>
  <testcase name="returnsNullWhenNoUsableControlExists" classname="com.antiads.probe.diag.ProbeTypesTest" time="0.005"/>
  <testcase name="prefersMagneticFieldWhenAvailableAndNotSelected" classname="com.antiads.probe.diag.ProbeTypesTest" time="0.001"/>
  <testcase name="displayNamesCoverDegradedType" classname="com.antiads.probe.diag.ProbeTypesTest" time="0.021"/>
  <testcase name="selectionIsCappedAtFiveTypes" classname="com.antiads.probe.diag.ProbeTypesTest" time="0.001"/>
  <system-out><![CDATA[]]></system-out>
  <system-err><![CDATA[]]></system-err>
</testsuite>
