<?xml version="1.0" encoding="UTF-8"?>
<testsuite name="com.antiads.probe.diag.DiagFileThrottleTest" tests="5" skipped="0" failures="0" errors="0" timestamp="2026-09-21T02:35:35" hostname="DESKTOP-26RJE8H" time="0.007">
  <properties/>
  <testcase name="writesWithinOneSecondAreThrottled" classname="com.antiads.probe.diag.DiagFileThrottleTest" time="0.005"/>
  <testcase name="firstWriteIsAllowed" classname="com.antiads.probe.diag.DiagFileThrottleTest" time="0.0"/>
  <testcase name="resetClearsThrottleWindow" classname="com.antiads.probe.diag.DiagFileThrottleTest" time="0.0"/>
  <testcase name="forceWriteIsImmediateAndResetsWindow" classname="com.antiads.probe.diag.DiagFileThrottleTest" time="0.0"/>
  <testcase name="customIntervalIsRespected" classname="com.antiads.probe.diag.DiagFileThrottleTest" time="0.0"/>
  <system-out><![CDATA[]]></system-out>
  <system-err><![CDATA[]]></system-err>
</testsuite>
