<?xml version="1.0" encoding="UTF-8"?>
<testsuite name="com.antiads.probe.diag.SilenceWindowDetectorTest" tests="3" skipped="0" failures="0" errors="0" timestamp="2026-09-21T02:35:35" hostname="DESKTOP-26RJE8H" time="0.002">
  <properties/>
  <testcase name="tracksPerSensorTypeIndependently" classname="com.antiads.probe.diag.SilenceWindowDetectorTest" time="0.001"/>
  <testcase name="firstCallbackNeverCreatesWindow" classname="com.antiads.probe.diag.SilenceWindowDetectorTest" time="0.001"/>
  <testcase name="recordsWindowOnlyForGapsAboveThreshold" classname="com.antiads.probe.diag.SilenceWindowDetectorTest" time="0.0"/>
  <system-out><![CDATA[]]></system-out>
  <system-err><![CDATA[]]></system-err>
</testsuite>
